[INFO] Scanning for projects...
[INFO] 
[INFO] -------------------------< com.app:semantica >--------------------------
[INFO] Building semantica 0.0.1-SNAPSHOT
[INFO]   from pom.xml
[INFO] --------------------------------[ jar ]---------------------------------
[INFO] 
[INFO] --- clean:3.4.1:clean (default-clean) @ semantica ---
[INFO] Deleting /home/roco-bz/Escritorio/Proyecto_Lazaro/semantica/target
[INFO] 
[INFO] --- resources:3.3.1:resources (default-resources) @ semantica ---
[INFO] Copying 1 resource from src/main/resources to target/classes
[INFO] Copying 0 resource from src/main/resources to target/classes
[INFO] 
[INFO] --- compiler:3.13.0:compile (default-compile) @ semantica ---
[INFO] Recompiling the module because of changed source code.
[INFO] Compiling 7 source files with javac [debug parameters release 21] to target/classes
[INFO] /home/roco-bz/Escritorio/Proyecto_Lazaro/semantica/src/main/java/com/app/semantica/service/SemanticoService.java: /home/roco-bz/Escritorio/Proyecto_Lazaro/semantica/src/main/java/com/app/semantica/service/SemanticoService.java uses unchecked or unsafe operations.
[INFO] /home/roco-bz/Escritorio/Proyecto_Lazaro/semantica/src/main/java/com/app/semantica/service/SemanticoService.java: Recompile with -Xlint:unchecked for details.
[INFO] 
[INFO] --- resources:3.3.1:testResources (default-testResources) @ semantica ---
[INFO] skip non existing resourceDirectory /home/roco-bz/Escritorio/Proyecto_Lazaro/semantica/src/test/resources
[INFO] 
[INFO] --- compiler:3.13.0:testCompile (default-testCompile) @ semantica ---
[INFO] Recompiling the module because of changed dependency.
[INFO] Compiling 1 source file with javac [debug parameters release 21] to target/test-classes
[INFO] 
[INFO] --- surefire:3.5.3:test (default-test) @ semantica ---
[INFO] Using auto detected provider org.apache.maven.surefire.junitplatform.JUnitPlatformProvider
[INFO] 
[INFO] -------------------------------------------------------
[INFO]  T E S T S
[INFO] -------------------------------------------------------
[INFO] Running com.app.semantica.SemanticaApplicationTests
18:13:38.579 [main] INFO org.springframework.test.context.support.AnnotationConfigContextLoaderUtils -- Could not detect default configuration classes for test class [com.app.semantica.SemanticaApplicationTests]: SemanticaApplicationTests does not declare any static, non-private, non-final, nested classes annotated with @Configuration.
18:13:38.888 [main] INFO org.springframework.boot.test.context.SpringBootTestContextBootstrapper -- Found @SpringBootConfiguration com.app.semantica.SemanticaApplication for test class com.app.semantica.SemanticaApplicationTests

  .   ____          _            __ _ _
 /\\ / ___'_ __ _ _(_)_ __  __ _ \ \ \ \
( ( )\___ | '_ | '_| | '_ \/ _` | \ \ \ \
 \\/  ___)| |_)| | | | | || (_| |  ) ) ) )
  '  |____| .__|_| |_|_| |_\__, | / / / /
 =========|_|==============|___/=/_/_/_/

 :: Spring Boot ::                (v3.4.5)

2025-05-21T18:13:40.810-06:00  INFO 3613 --- [semantica] [           main] c.a.semantica.SemanticaApplicationTests  : Starting SemanticaApplicationTests using Java 21.0.7 with PID 3613 (started by roco-bz in /home/roco-bz/Escritorio/Proyecto_Lazaro/semantica)
2025-05-21T18:13:40.818-06:00  INFO 3613 --- [semantica] [           main] c.a.semantica.SemanticaApplicationTests  : No active profile set, falling back to 1 default profile: "default"
2025-05-21T18:13:43.145-06:00  INFO 3613 --- [semantica] [           main] o.s.cloud.context.scope.GenericScope     : BeanFactory id=acd1228e-2835-394f-93d4-9b28886c51c0
2025-05-21T18:13:45.707-06:00  INFO 3613 --- [semantica] [           main] DiscoveryClientOptionalArgsConfiguration : Eureka HTTP Client uses RestTemplate.
2025-05-21T18:13:45.814-06:00  WARN 3613 --- [semantica] [           main] iguration$LoadBalancerCaffeineWarnLogger : Spring Cloud LoadBalancer is currently working with the default cache. While this cache implementation is useful for development and tests, it's recommended to use Caffeine cache in production.You can switch to using Caffeine cache, by adding it and org.springframework.cache.caffeine.CaffeineCacheManager to the classpath.
2025-05-21T18:13:45.901-06:00  INFO 3613 --- [semantica] [           main] c.a.semantica.SemanticaApplicationTests  : Started SemanticaApplicationTests in 6.004 seconds (process running for 9.272)
Mockito is currently self-attaching to enable the inline-mock-maker. This will no longer work in future releases of the JDK. Please add Mockito as an agent to your build what is described in Mockito's documentation: https://javadoc.io/doc/org.mockito/mockito-core/latest/org/mockito/Mockito.html#0.3
WARNING: A Java agent has been loaded dynamically (/home/roco-bz/.m2/repository/net/bytebuddy/byte-buddy-agent/1.15.11/byte-buddy-agent-1.15.11.jar)
WARNING: If a serviceability tool is in use, please run with -XX:+EnableDynamicAgentLoading to hide this warning
WARNING: If a serviceability tool is not in use, please run with -Djdk.instrument.traceUsage for more information
WARNING: Dynamic loading of agents will be disallowed by default in a future release
OpenJDK 64-Bit Server VM warning: Sharing is only supported for boot loader classes because bootstrap classpath has been appended
[INFO] Tests run: 1, Failures: 0, Errors: 0, Skipped: 0, Time elapsed: 11.00 s -- in com.app.semantica.SemanticaApplicationTests
[INFO] 
[INFO] Results:
[INFO] 
[INFO] Tests run: 1, Failures: 0, Errors: 0, Skipped: 0
[INFO] 
[INFO] 
[INFO] --- jar:3.4.2:jar (default-jar) @ semantica ---
[INFO] Building jar: /home/roco-bz/Escritorio/Proyecto_Lazaro/semantica/target/semantica-0.0.1-SNAPSHOT.jar
[INFO] 
[INFO] --- spring-boot:3.4.5:repackage (repackage) @ semantica ---
[INFO] Replacing main artifact /home/roco-bz/Escritorio/Proyecto_Lazaro/semantica/target/semantica-0.0.1-SNAPSHOT.jar with repackaged archive, adding nested dependencies in BOOT-INF/.
[INFO] The original artifact has been renamed to /home/roco-bz/Escritorio/Proyecto_Lazaro/semantica/target/semantica-0.0.1-SNAPSHOT.jar.original
[INFO] ------------------------------------------------------------------------
[INFO] BUILD SUCCESS
[INFO] ------------------------------------------------------------------------
[INFO] Total time:  22.828 s
[INFO] Finished at: 2025-05-21T18:13:51-06:00
[INFO] ------------------------------------------------------------------------
[INFO] Scanning for projects...
[INFO] 
[INFO] -------------------------< com.app:semantica >--------------------------
[INFO] Building semantica 0.0.1-SNAPSHOT
[INFO]   from pom.xml
[INFO] --------------------------------[ jar ]---------------------------------
[INFO] 
[INFO] --- clean:3.4.1:clean (default-clean) @ semantica ---
[INFO] Deleting /home/roco-bz/Escritorio/Proyecto_Lazaro/semantica/target
[INFO] 
[INFO] --- resources:3.3.1:resources (default-resources) @ semantica ---
[INFO] Copying 1 resource from src/main/resources to target/classes
[INFO] Copying 0 resource from src/main/resources to target/classes
[INFO] 
[INFO] --- compiler:3.13.0:compile (default-compile) @ semantica ---
[INFO] Recompiling the module because of changed source code.
[INFO] Compiling 7 source files with javac [debug parameters release 21] to target/classes
[INFO] /home/roco-bz/Escritorio/Proyecto_Lazaro/semantica/src/main/java/com/app/semantica/service/SemanticoService.java: /home/roco-bz/Escritorio/Proyecto_Lazaro/semantica/src/main/java/com/app/semantica/service/SemanticoService.java uses unchecked or unsafe operations.
[INFO] /home/roco-bz/Escritorio/Proyecto_Lazaro/semantica/src/main/java/com/app/semantica/service/SemanticoService.java: Recompile with -Xlint:unchecked for details.
[INFO] 
[INFO] --- resources:3.3.1:testResources (default-testResources) @ semantica ---
[INFO] skip non existing resourceDirectory /home/roco-bz/Escritorio/Proyecto_Lazaro/semantica/src/test/resources
[INFO] 
[INFO] --- compiler:3.13.0:testCompile (default-testCompile) @ semantica ---
[INFO] Recompiling the module because of changed dependency.
[INFO] Compiling 1 source file with javac [debug parameters release 21] to target/test-classes
[INFO] 
[INFO] --- surefire:3.5.3:test (default-test) @ semantica ---
[INFO] Using auto detected provider org.apache.maven.surefire.junitplatform.JUnitPlatformProvider
[INFO] 
[INFO] -------------------------------------------------------
[INFO]  T E S T S
[INFO] -------------------------------------------------------
[INFO] Running com.app.semantica.SemanticaApplicationTests
18:20:43.208 [main] INFO org.springframework.test.context.support.AnnotationConfigContextLoaderUtils -- Could not detect default configuration classes for test class [com.app.semantica.SemanticaApplicationTests]: SemanticaApplicationTests does not declare any static, non-private, non-final, nested classes annotated with @Configuration.
18:20:43.631 [main] INFO org.springframework.boot.test.context.SpringBootTestContextBootstrapper -- Found @SpringBootConfiguration com.app.semantica.SemanticaApplication for test class com.app.semantica.SemanticaApplicationTests

  .   ____          _            __ _ _
 /\\ / ___'_ __ _ _(_)_ __  __ _ \ \ \ \
( ( )\___ | '_ | '_| | '_ \/ _` | \ \ \ \
 \\/  ___)| |_)| | | | | || (_| |  ) ) ) )
  '  |____| .__|_| |_|_| |_\__, | / / / /
 =========|_|==============|___/=/_/_/_/

 :: Spring Boot ::                (v3.4.5)

2025-05-21T18:20:45.499-06:00  INFO 5993 --- [semantica] [           main] c.a.semantica.SemanticaApplicationTests  : Starting SemanticaApplicationTests using Java 21.0.7 with PID 5993 (started by roco-bz in /home/roco-bz/Escritorio/Proyecto_Lazaro/semantica)
2025-05-21T18:20:45.507-06:00  INFO 5993 --- [semantica] [           main] c.a.semantica.SemanticaApplicationTests  : No active profile set, falling back to 1 default profile: "default"
2025-05-21T18:20:47.869-06:00  INFO 5993 --- [semantica] [           main] o.s.cloud.context.scope.GenericScope     : BeanFactory id=acd1228e-2835-394f-93d4-9b28886c51c0
2025-05-21T18:20:50.554-06:00  INFO 5993 --- [semantica] [           main] DiscoveryClientOptionalArgsConfiguration : Eureka HTTP Client uses RestTemplate.
2025-05-21T18:20:50.717-06:00  WARN 5993 --- [semantica] [           main] iguration$LoadBalancerCaffeineWarnLogger : Spring Cloud LoadBalancer is currently working with the default cache. While this cache implementation is useful for development and tests, it's recommended to use Caffeine cache in production.You can switch to using Caffeine cache, by adding it and org.springframework.cache.caffeine.CaffeineCacheManager to the classpath.
2025-05-21T18:20:50.792-06:00  INFO 5993 --- [semantica] [           main] c.a.semantica.SemanticaApplicationTests  : Started SemanticaApplicationTests in 6.319 seconds (process running for 9.271)
Mockito is currently self-attaching to enable the inline-mock-maker. This will no longer work in future releases of the JDK. Please add Mockito as an agent to your build what is described in Mockito's documentation: https://javadoc.io/doc/org.mockito/mockito-core/latest/org/mockito/Mockito.html#0.3
WARNING: A Java agent has been loaded dynamically (/home/roco-bz/.m2/repository/net/bytebuddy/byte-buddy-agent/1.15.11/byte-buddy-agent-1.15.11.jar)
WARNING: If a serviceability tool is in use, please run with -XX:+EnableDynamicAgentLoading to hide this warning
WARNING: If a serviceability tool is not in use, please run with -Djdk.instrument.traceUsage for more information
WARNING: Dynamic loading of agents will be disallowed by default in a future release
OpenJDK 64-Bit Server VM warning: Sharing is only supported for boot loader classes because bootstrap classpath has been appended
[INFO] Tests run: 1, Failures: 0, Errors: 0, Skipped: 0, Time elapsed: 9.910 s -- in com.app.semantica.SemanticaApplicationTests
[INFO] 
[INFO] Results:
[INFO] 
[INFO] Tests run: 1, Failures: 0, Errors: 0, Skipped: 0
[INFO] 
[INFO] 
[INFO] --- jar:3.4.2:jar (default-jar) @ semantica ---
[INFO] Building jar: /home/roco-bz/Escritorio/Proyecto_Lazaro/semantica/target/semantica-0.0.1-SNAPSHOT.jar
[INFO] 
[INFO] --- spring-boot:3.4.5:repackage (repackage) @ semantica ---
[INFO] Replacing main artifact /home/roco-bz/Escritorio/Proyecto_Lazaro/semantica/target/semantica-0.0.1-SNAPSHOT.jar with repackaged archive, adding nested dependencies in BOOT-INF/.
[INFO] The original artifact has been renamed to /home/roco-bz/Escritorio/Proyecto_Lazaro/semantica/target/semantica-0.0.1-SNAPSHOT.jar.original
[INFO] ------------------------------------------------------------------------
[INFO] BUILD SUCCESS
[INFO] ------------------------------------------------------------------------
[INFO] Total time:  24.532 s
[INFO] Finished at: 2025-05-21T18:20:56-06:00
[INFO] ------------------------------------------------------------------------
[INFO] Scanning for projects...
[INFO] 
[INFO] -------------------------< com.app:semantica >--------------------------
[INFO] Building semantica 0.0.1-SNAPSHOT
[INFO]   from pom.xml
[INFO] --------------------------------[ jar ]---------------------------------
[INFO] 
[INFO] --- clean:3.4.1:clean (default-clean) @ semantica ---
[INFO] Deleting /home/roco-bz/Escritorio/Proyecto_Lazaro/semantica/target
[INFO] 
[INFO] --- resources:3.3.1:resources (default-resources) @ semantica ---
[INFO] Copying 1 resource from src/main/resources to target/classes
[INFO] Copying 0 resource from src/main/resources to target/classes
[INFO] 
[INFO] --- compiler:3.13.0:compile (default-compile) @ semantica ---
[INFO] Recompiling the module because of changed source code.
[INFO] Compiling 7 source files with javac [debug parameters release 21] to target/classes
[INFO] /home/roco-bz/Escritorio/Proyecto_Lazaro/semantica/src/main/java/com/app/semantica/service/SemanticoService.java: /home/roco-bz/Escritorio/Proyecto_Lazaro/semantica/src/main/java/com/app/semantica/service/SemanticoService.java uses unchecked or unsafe operations.
[INFO] /home/roco-bz/Escritorio/Proyecto_Lazaro/semantica/src/main/java/com/app/semantica/service/SemanticoService.java: Recompile with -Xlint:unchecked for details.
[INFO] 
[INFO] --- resources:3.3.1:testResources (default-testResources) @ semantica ---
[INFO] skip non existing resourceDirectory /home/roco-bz/Escritorio/Proyecto_Lazaro/semantica/src/test/resources
[INFO] 
[INFO] --- compiler:3.13.0:testCompile (default-testCompile) @ semantica ---
[INFO] Recompiling the module because of changed dependency.
[INFO] Compiling 1 source file with javac [debug parameters release 21] to target/test-classes
[INFO] 
[INFO] --- surefire:3.5.3:test (default-test) @ semantica ---
[INFO] Using auto detected provider org.apache.maven.surefire.junitplatform.JUnitPlatformProvider
[INFO] 
[INFO] -------------------------------------------------------
[INFO]  T E S T S
[INFO] -------------------------------------------------------
[INFO] Running com.app.semantica.SemanticaApplicationTests
09:15:51.895 [main] INFO org.springframework.test.context.support.AnnotationConfigContextLoaderUtils -- Could not detect default configuration classes for test class [com.app.semantica.SemanticaApplicationTests]: SemanticaApplicationTests does not declare any static, non-private, non-final, nested classes annotated with @Configuration.
09:15:52.263 [main] INFO org.springframework.boot.test.context.SpringBootTestContextBootstrapper -- Found @SpringBootConfiguration com.app.semantica.SemanticaApplication for test class com.app.semantica.SemanticaApplicationTests

  .   ____          _            __ _ _
 /\\ / ___'_ __ _ _(_)_ __  __ _ \ \ \ \
( ( )\___ | '_ | '_| | '_ \/ _` | \ \ \ \
 \\/  ___)| |_)| | | | | || (_| |  ) ) ) )
  '  |____| .__|_| |_|_| |_\__, | / / / /
 =========|_|==============|___/=/_/_/_/

 :: Spring Boot ::                (v3.4.5)

2025-05-22T09:15:54.411-06:00  INFO 3085 --- [semantica] [           main] c.a.semantica.SemanticaApplicationTests  : Starting SemanticaApplicationTests using Java 21.0.7 with PID 3085 (started by roco-bz in /home/roco-bz/Escritorio/Proyecto_Lazaro/semantica)
2025-05-22T09:15:54.415-06:00  INFO 3085 --- [semantica] [           main] c.a.semantica.SemanticaApplicationTests  : No active profile set, falling back to 1 default profile: "default"
2025-05-22T09:15:57.211-06:00  INFO 3085 --- [semantica] [           main] o.s.cloud.context.scope.GenericScope     : BeanFactory id=acd1228e-2835-394f-93d4-9b28886c51c0
2025-05-22T09:15:59.714-06:00  INFO 3085 --- [semantica] [           main] DiscoveryClientOptionalArgsConfiguration : Eureka HTTP Client uses RestTemplate.
2025-05-22T09:15:59.831-06:00  WARN 3085 --- [semantica] [           main] iguration$LoadBalancerCaffeineWarnLogger : Spring Cloud LoadBalancer is currently working with the default cache. While this cache implementation is useful for development and tests, it's recommended to use Caffeine cache in production.You can switch to using Caffeine cache, by adding it and org.springframework.cache.caffeine.CaffeineCacheManager to the classpath.
2025-05-22T09:15:59.919-06:00  INFO 3085 --- [semantica] [           main] c.a.semantica.SemanticaApplicationTests  : Started SemanticaApplicationTests in 6.497 seconds (process running for 10.242)
Mockito is currently self-attaching to enable the inline-mock-maker. This will no longer work in future releases of the JDK. Please add Mockito as an agent to your build what is described in Mockito's documentation: https://javadoc.io/doc/org.mockito/mockito-core/latest/org/mockito/Mockito.html#0.3
OpenJDK 64-Bit Server VM warning: Sharing is only supported for boot loader classes because bootstrap classpath has been appended
WARNING: A Java agent has been loaded dynamically (/home/roco-bz/.m2/repository/net/bytebuddy/byte-buddy-agent/1.15.11/byte-buddy-agent-1.15.11.jar)
WARNING: If a serviceability tool is in use, please run with -XX:+EnableDynamicAgentLoading to hide this warning
WARNING: If a serviceability tool is not in use, please run with -Djdk.instrument.traceUsage for more information
WARNING: Dynamic loading of agents will be disallowed by default in a future release
[INFO] Tests run: 1, Failures: 0, Errors: 0, Skipped: 0, Time elapsed: 10.51 s -- in com.app.semantica.SemanticaApplicationTests
[INFO] 
[INFO] Results:
[INFO] 
[INFO] Tests run: 1, Failures: 0, Errors: 0, Skipped: 0
[INFO] 
[INFO] 
[INFO] --- jar:3.4.2:jar (default-jar) @ semantica ---
[INFO] Building jar: /home/roco-bz/Escritorio/Proyecto_Lazaro/semantica/target/semantica-0.0.1-SNAPSHOT.jar
[INFO] 
[INFO] --- spring-boot:3.4.5:repackage (repackage) @ semantica ---
[INFO] Replacing main artifact /home/roco-bz/Escritorio/Proyecto_Lazaro/semantica/target/semantica-0.0.1-SNAPSHOT.jar with repackaged archive, adding nested dependencies in BOOT-INF/.
[INFO] The original artifact has been renamed to /home/roco-bz/Escritorio/Proyecto_Lazaro/semantica/target/semantica-0.0.1-SNAPSHOT.jar.original
[INFO] ------------------------------------------------------------------------
[INFO] BUILD SUCCESS
[INFO] ------------------------------------------------------------------------
[INFO] Total time:  25.281 s
[INFO] Finished at: 2025-05-22T09:16:04-06:00
[INFO] ------------------------------------------------------------------------
